<?xml version="1.0" encoding="UTF-8"?>
<!-- Generated by org.testng.reporters.JUnitReportReporter -->
<testsuite hostname="HP" failures="0" tests="1" name="com.automation.base.Testbase" time="12.051" errors="0" timestamp="2021-02-16T12:16:50 IST" skipped="0">
  <testcase classname="com.automation.base.Testbase" name="initialization" time="12.051"/>
  <system-out/>
</testsuite> <!-- com.automation.base.Testbase -->
